  Bonus.cpp
D:\MarioClone\MarioClone\Bonus.cpp(26,16): warning C4305: '=': truncation from 'double' to 'float'
  entity.cpp
D:\MarioClone\MarioClone\entity.cpp(66,78): warning C4244: 'argument': conversion from 'float' to 'T', possible loss of data
          with
          [
              T=int
          ]
D:\MarioClone\MarioClone\entity.cpp(66,70): warning C4244: 'argument': conversion from 'float' to 'T', possible loss of data
          with
          [
              T=int
          ]
  Abyss.cpp
  flyTur.cpp
D:\MarioClone\MarioClone\flyTur.cpp(26,16): warning C4305: '=': truncation from 'double' to 'float'
  Game.cpp
D:\MarioClone\MarioClone\Game.h(23,1): warning C4005: 'TOP': macro redefinition
D:\MarioClone\MarioClone\tileMap.h(21,1): message : see previous definition of 'TOP'
D:\MarioClone\MarioClone\Game.h(24,1): warning C4005: 'BOTTOM': macro redefinition
D:\MarioClone\MarioClone\tileMap.h(20,1): message : see previous definition of 'BOTTOM'
D:\MarioClone\MarioClone\Game.cpp(172,39): warning C4244: 'argument': conversion from 'const T' to 'int', possible loss of data
          with
          [
              T=float
          ]
D:\MarioClone\MarioClone\Game.cpp(173,38): warning C4244: 'argument': conversion from 'T' to 'int', possible loss of data
          with
          [
              T=float
          ]
D:\MarioClone\MarioClone\Game.cpp(174,41): warning C4244: 'argument': conversion from 'const T' to 'int', possible loss of data
          with
          [
              T=float
          ]
D:\MarioClone\MarioClone\Game.cpp(272,25): warning C4244: 'argument': conversion from 'const T' to 'int', possible loss of data
          with
          [
              T=float
          ]
D:\MarioClone\MarioClone\Game.cpp(346,12): warning C4244: '=': conversion from 'double' to 'float', possible loss of data
D:\MarioClone\MarioClone\Game.cpp(347,12): warning C4244: '=': conversion from 'double' to 'float', possible loss of data
  GameInfo.cpp
D:\MarioClone\MarioClone\GameInfo.cpp(53,42): warning C4244: 'argument': conversion from 'int' to 'T', possible loss of data
          with
          [
              T=float
          ]
D:\MarioClone\MarioClone\GameInfo.cpp(54,42): warning C4244: 'argument': conversion from 'int' to 'T', possible loss of data
          with
          [
              T=float
          ]
D:\MarioClone\MarioClone\GameInfo.cpp(55,42): warning C4244: 'argument': conversion from 'int' to 'T', possible loss of data
          with
          [
              T=float
          ]
D:\MarioClone\MarioClone\GameInfo.cpp(56,42): warning C4244: 'argument': conversion from 'int' to 'T', possible loss of data
          with
          [
              T=float
          ]
  main.cpp
D:\MarioClone\MarioClone\Game.h(23,1): warning C4005: 'TOP': macro redefinition
D:\MarioClone\MarioClone\tileMap.h(21,1): message : see previous definition of 'TOP'
D:\MarioClone\MarioClone\Game.h(24,1): warning C4005: 'BOTTOM': macro redefinition
D:\MarioClone\MarioClone\tileMap.h(20,1): message : see previous definition of 'BOTTOM'
  Mario.cpp
D:\MarioClone\MarioClone\Mario.cpp(71,26): warning C4244: '=': conversion from 'double' to 'T', possible loss of data
          with
          [
              T=float
          ]
D:\MarioClone\MarioClone\Mario.cpp(93,25): warning C4244: '=': conversion from 'double' to 'T', possible loss of data
          with
          [
              T=float
          ]
D:\MarioClone\MarioClone\Mario.cpp(114,28): warning C4244: '=': conversion from 'double' to 'T', possible loss of data
          with
          [
              T=float
          ]
D:\MarioClone\MarioClone\Mario.cpp(294,46): warning C4244: 'return': conversion from 'sf::Int32' to 'float', possible loss of data
  Menu.cpp
D:\MarioClone\MarioClone\Menu.cpp(50,42): warning C4244: 'argument': conversion from 'int' to 'T', possible loss of data
          with
          [
              T=float
          ]
D:\MarioClone\MarioClone\Menu.cpp(51,42): warning C4244: 'argument': conversion from 'int' to 'T', possible loss of data
          with
          [
              T=float
          ]
D:\MarioClone\MarioClone\Menu.cpp(52,42): warning C4244: 'argument': conversion from 'int' to 'T', possible loss of data
          with
          [
              T=float
          ]
D:\MarioClone\MarioClone\Menu.cpp(53,42): warning C4244: 'argument': conversion from 'int' to 'T', possible loss of data
          with
          [
              T=float
          ]
D:\MarioClone\MarioClone\Menu.cpp(54,42): warning C4244: 'argument': conversion from 'int' to 'T', possible loss of data
          with
          [
              T=float
          ]
D:\MarioClone\MarioClone\Menu.cpp(56,54): warning C4244: 'argument': conversion from 'int' to 'T', possible loss of data
          with
          [
              T=float
          ]
D:\MarioClone\MarioClone\Menu.cpp(57,54): warning C4244: 'argument': conversion from 'int' to 'T', possible loss of data
          with
          [
              T=float
          ]
D:\MarioClone\MarioClone\Menu.cpp(58,54): warning C4244: 'argument': conversion from 'int' to 'T', possible loss of data
          with
          [
              T=float
          ]
D:\MarioClone\MarioClone\Menu.cpp(84,53): warning C4244: 'argument': conversion from 'T' to 'float', possible loss of data
          with
          [
              T=unsigned int
          ]
D:\MarioClone\MarioClone\Menu.cpp(150,51): warning C4244: 'argument': conversion from 'T' to 'float', possible loss of data
          with
          [
              T=unsigned int
          ]
D:\MarioClone\MarioClone\Menu.cpp(286,41): warning C4267: '=': conversion from 'size_t' to 'int', possible loss of data
D:\MarioClone\MarioClone\Menu.cpp(326,51): warning C4244: 'argument': conversion from 'T' to 'float', possible loss of data
          with
          [
              T=unsigned int
          ]
  Plant1.cpp
  Spikey.cpp
D:\MarioClone\MarioClone\Spikey.cpp(25,16): warning C4305: '=': truncation from 'double' to 'float'
  tileMap.cpp
D:\MarioClone\MarioClone\tileMap.cpp(55,54): warning C4244: 'argument': conversion from 'unsigned int' to 'T', possible loss of data
          with
          [
              T=float
          ]
D:\MarioClone\MarioClone\tileMap.cpp(55,38): warning C4244: 'argument': conversion from 'unsigned int' to 'T', possible loss of data
          with
          [
              T=float
          ]
D:\MarioClone\MarioClone\tileMap.cpp(56,60): warning C4244: 'argument': conversion from 'unsigned int' to 'T', possible loss of data
          with
          [
              T=float
          ]
D:\MarioClone\MarioClone\tileMap.cpp(56,44): warning C4244: 'argument': conversion from 'unsigned int' to 'T', possible loss of data
          with
          [
              T=float
          ]
D:\MarioClone\MarioClone\tileMap.cpp(57,66): warning C4244: 'argument': conversion from 'unsigned int' to 'T', possible loss of data
          with
          [
              T=float
          ]
D:\MarioClone\MarioClone\tileMap.cpp(57,44): warning C4244: 'argument': conversion from 'unsigned int' to 'T', possible loss of data
          with
          [
              T=float
          ]
D:\MarioClone\MarioClone\tileMap.cpp(58,60): warning C4244: 'argument': conversion from 'unsigned int' to 'T', possible loss of data
          with
          [
              T=float
          ]
D:\MarioClone\MarioClone\tileMap.cpp(58,38): warning C4244: 'argument': conversion from 'unsigned int' to 'T', possible loss of data
          with
          [
              T=float
          ]
D:\MarioClone\MarioClone\tileMap.cpp(61,57): warning C4244: 'argument': conversion from 'T' to 'T', possible loss of data
          with
          [
              T=unsigned int
          ]
          and
          [
              T=float
          ]
D:\MarioClone\MarioClone\tileMap.cpp(61,40): warning C4244: 'argument': conversion from 'T' to 'T', possible loss of data
          with
          [
              T=unsigned int
          ]
          and
          [
              T=float
          ]
D:\MarioClone\MarioClone\tileMap.cpp(62,63): warning C4244: 'argument': conversion from 'T' to 'T', possible loss of data
          with
          [
              T=unsigned int
          ]
          and
          [
              T=float
          ]
D:\MarioClone\MarioClone\tileMap.cpp(62,46): warning C4244: 'argument': conversion from 'T' to 'T', possible loss of data
          with
          [
              T=unsigned int
          ]
          and
          [
              T=float
          ]
D:\MarioClone\MarioClone\tileMap.cpp(63,69): warning C4244: 'argument': conversion from 'T' to 'T', possible loss of data
          with
          [
              T=unsigned int
          ]
          and
          [
              T=float
          ]
D:\MarioClone\MarioClone\tileMap.cpp(63,46): warning C4244: 'argument': conversion from 'T' to 'T', possible loss of data
          with
          [
              T=unsigned int
          ]
          and
          [
              T=float
          ]
D:\MarioClone\MarioClone\tileMap.cpp(64,63): warning C4244: 'argument': conversion from 'T' to 'T', possible loss of data
          with
          [
              T=unsigned int
          ]
          and
          [
              T=float
          ]
D:\MarioClone\MarioClone\tileMap.cpp(64,40): warning C4244: 'argument': conversion from 'T' to 'T', possible loss of data
          with
          [
              T=unsigned int
          ]
          and
          [
              T=float
          ]
D:\MarioClone\MarioClone\tileMap.cpp(79,30): warning C4244: '=': conversion from 'unsigned int' to 'float', possible loss of data
D:\MarioClone\MarioClone\tileMap.cpp(80,14): warning C4244: '=': conversion from 'unsigned int' to 'float', possible loss of data
D:\MarioClone\MarioClone\tileMap.cpp(81,15): warning C4244: '=': conversion from 'unsigned int' to 'float', possible loss of data
D:\MarioClone\MarioClone\tileMap.cpp(82,29): warning C4244: '=': conversion from 'unsigned int' to 'float', possible loss of data
D:\MarioClone\MarioClone\tileMap.cpp(90,20): warning C4244: 'initializing': conversion from 'float' to 'int', possible loss of data
D:\MarioClone\MarioClone\tileMap.cpp(149,9): warning C4244: 'return': conversion from 'int' to 'float', possible loss of data
D:\MarioClone\MarioClone\tileMap.cpp(182,24): warning C4267: '=': conversion from 'size_t' to 'unsigned int', possible loss of data
D:\MarioClone\MarioClone\tileMap.cpp(184,21): warning C4018: '<': signed/unsigned mismatch
  Turtle.cpp
D:\MarioClone\MarioClone\Turtle.cpp(26,16): warning C4305: '=': truncation from 'double' to 'float'
  Plant2.cpp
  Generating Code...
  Mario.vcxproj -> D:\MarioClone\MarioClone\x64\Debug\Mario.exe
